[    0.000000] Linux version 4.15.0-54-generic (buildd@lgw01-amd64-014) (gcc version 7.4.0 (Ubuntu 7.4.0-1ubuntu1~18.04.1)) #58-Ubuntu SMP Mon Jun 24 10:55:24 UTC 2019 (Ubuntu 4.15.0-54.58-generic 4.15.18)
[    0.000000] Command line: BOOT_IMAGE=/boot/vmlinuz-4.15.0-54-generic root=LABEL=cloudimg-rootfs ro console=tty1 console=ttyS0
[    0.000000] KERNEL supported cpus:
[    0.000000]   Intel GenuineIntel
[    0.000000]   AMD AuthenticAMD
[    0.000000]   Centaur CentaurHauls
[    0.000000] x86/fpu: Supporting XSAVE feature 0x001: 'x87 floating point registers'
[    0.000000] x86/fpu: Supporting XSAVE feature 0x002: 'SSE registers'
[    0.000000] x86/fpu: Supporting XSAVE feature 0x004: 'AVX registers'
[    0.000000] x86/fpu: xstate_offset[2]:  576, xstate_sizes[2]:  256
[    0.000000] x86/fpu: Enabled xstate features 0x7, context size is 832 bytes, using 'standard' format.
[    0.000000] e820: BIOS-provided physical RAM map:
[    0.000000] BIOS-e820: [mem 0x0000000000000000-0x000000000009fbff] usable
[    0.000000] BIOS-e820: [mem 0x000000000009fc00-0x000000000009ffff] reserved
[    0.000000] BIOS-e820: [mem 0x00000000000f0000-0x00000000000fffff] reserved
[    0.000000] BIOS-e820: [mem 0x0000000000100000-0x000000003ffeffff] usable
[    0.000000] BIOS-e820: [mem 0x000000003fff0000-0x000000003fffffff] ACPI data
[    0.000000] BIOS-e820: [mem 0x00000000fec00000-0x00000000fec00fff] reserved
[    0.000000] BIOS-e820: [mem 0x00000000fee00000-0x00000000fee00fff] reserved
[    0.000000] BIOS-e820: [mem 0x00000000fffc0000-0x00000000ffffffff] reserved
[    0.000000] NX (Execute Disable) protection: active
[    0.000000] SMBIOS 2.5 present.
[    0.000000] DMI: innotek GmbH VirtualBox/VirtualBox, BIOS VirtualBox 12/01/2006
[    0.000000] Hypervisor detected: KVM
[    0.000000] e820: last_pfn = 0x3fff0 max_arch_pfn = 0x400000000
[    0.000000] MTRR: Disabled
[    0.000000] x86/PAT: MTRRs disabled, skipping PAT initialization too.
[    0.000000] CPU MTRRs all blank - virtualized system.
[    0.000000] x86/PAT: Configuration [0-7]: WB  WT  UC- UC  WB  WT  UC- UC  
[    0.000000] found SMP MP-table at [mem 0x0009fff0-0x0009ffff] mapped at [        (ptrval)]
[    0.000000] Scanning 1 areas for low memory corruption
[    0.000000] RAMDISK: [mem 0x35a93000-0x36d40fff]
[    0.000000] ACPI: Early table checksum verification disabled
[    0.000000] ACPI: RSDP 0x00000000000E0000 000024 (v02 VBOX  )
[    0.000000] ACPI: XSDT 0x000000003FFF0030 00003C (v01 VBOX   VBOXXSDT 00000001 ASL  00000061)
[    0.000000] ACPI: FACP 0x000000003FFF00F0 0000F4 (v04 VBOX   VBOXFACP 00000001 ASL  00000061)
[    0.000000] ACPI: DSDT 0x000000003FFF0470 0022EA (v02 VBOX   VBOXBIOS 00000002 INTL 20100528)
[    0.000000] ACPI: FACS 0x000000003FFF0200 000040
[    0.000000] ACPI: FACS 0x000000003FFF0200 000040
[    0.000000] ACPI: APIC 0x000000003FFF0240 00005C (v02 VBOX   VBOXAPIC 00000001 ASL  00000061)
[    0.000000] ACPI: SSDT 0x000000003FFF02A0 0001CC (v01 VBOX   VBOXCPUT 00000002 INTL 20100528)
[    0.000000] No NUMA configuration found
[    0.000000] Faking a node at [mem 0x0000000000000000-0x000000003ffeffff]
[    0.000000] NODE_DATA(0) allocated [mem 0x3ffc5000-0x3ffeffff]
[    0.000000] kvm-clock: cpu 0, msr 0:3ff44001, primary cpu clock
[    0.000000] kvm-clock: Using msrs 4b564d01 and 4b564d00
[    0.000000] kvm-clock: using sched offset of 4895449687 cycles
[    0.000000] clocksource: kvm-clock: mask: 0xffffffffffffffff max_cycles: 0x1cd42e4dffb, max_idle_ns: 881590591483 ns
[    0.000000] Zone ranges:
[    0.000000]   DMA      [mem 0x0000000000001000-0x0000000000ffffff]
[    0.000000]   DMA32    [mem 0x0000000001000000-0x000000003ffeffff]
[    0.000000]   Normal   empty
[    0.000000]   Device   empty
[    0.000000] Movable zone start for each node
[    0.000000] Early memory node ranges
[    0.000000]   node   0: [mem 0x0000000000001000-0x000000000009efff]
[    0.000000]   node   0: [mem 0x0000000000100000-0x000000003ffeffff]
[    0.000000] Reserved but unavailable: 114 pages
[    0.000000] Initmem setup node 0 [mem 0x0000000000001000-0x000000003ffeffff]
[    0.000000] ACPI: PM-Timer IO Port: 0x4008
[    0.000000] IOAPIC[0]: apic_id 2, version 32, address 0xfec00000, GSI 0-23
[    0.000000] ACPI: INT_SRC_OVR (bus 0 bus_irq 0 global_irq 2 dfl dfl)
[    0.000000] ACPI: INT_SRC_OVR (bus 0 bus_irq 9 global_irq 9 low level)
[    0.000000] Using ACPI (MADT) for SMP configuration information
[    0.000000] smpboot: Allowing 2 CPUs, 0 hotplug CPUs
[    0.000000] PM: Registered nosave memory: [mem 0x00000000-0x00000fff]
[    0.000000] PM: Registered nosave memory: [mem 0x0009f000-0x0009ffff]
[    0.000000] PM: Registered nosave memory: [mem 0x000a0000-0x000effff]
[    0.000000] PM: Registered nosave memory: [mem 0x000f0000-0x000fffff]
[    0.000000] e820: [mem 0x40000000-0xfebfffff] available for PCI devices
[    0.000000] Booting paravirtualized kernel on KVM
[    0.000000] clocksource: refined-jiffies: mask: 0xffffffff max_cycles: 0xffffffff, max_idle_ns: 7645519600211568 ns
[    0.000000] random: get_random_bytes called from start_kernel+0x99/0x4fd with crng_init=0
[    0.000000] setup_percpu: NR_CPUS:8192 nr_cpumask_bits:2 nr_cpu_ids:2 nr_node_ids:1
[    0.000000] percpu: Embedded 46 pages/cpu @        (ptrval) s151552 r8192 d28672 u1048576
[    0.000000] PV qspinlock hash table entries: 256 (order: 0, 4096 bytes)
[    0.000000] Built 1 zonelists, mobility grouping on.  Total pages: 257913
[    0.000000] Policy zone: DMA32
[    0.000000] Kernel command line: BOOT_IMAGE=/boot/vmlinuz-4.15.0-54-generic root=LABEL=cloudimg-rootfs ro console=tty1 console=ttyS0
[    0.000000] Memory: 983456K/1048120K available (12300K kernel code, 2473K rwdata, 4272K rodata, 2408K init, 2416K bss, 64664K reserved, 0K cma-reserved)
[    0.000000] SLUB: HWalign=64, Order=0-3, MinObjects=0, CPUs=2, Nodes=1
[    0.000000] Kernel/User page tables isolation: enabled
[    0.000000] ftrace: allocating 39216 entries in 154 pages
[    0.004000] Hierarchical RCU implementation.
[    0.004000] 	RCU restricting CPUs from NR_CPUS=8192 to nr_cpu_ids=2.
[    0.004000] 	Tasks RCU enabled.
[    0.004000] RCU: Adjusting geometry for rcu_fanout_leaf=16, nr_cpu_ids=2
[    0.004000] NR_IRQS: 524544, nr_irqs: 440, preallocated irqs: 16
[    0.004000] Console: colour VGA+ 80x25
[    0.004000] console [tty1] enabled
[    0.004000] console [ttyS0] enabled
[    0.004000] ACPI: Core revision 20170831
[    0.004000] ACPI: 2 ACPI AML tables successfully acquired and loaded
[    0.004000] APIC: Switch to symmetric I/O mode setup
[    0.004000] x2apic enabled
[    0.004000] Switched APIC routing to physical x2apic.
[    0.005394] ..TIMER: vector=0x30 apic1=0 pin1=2 apic2=-1 pin2=-1
[    0.008003] tsc: Detected 1899.999 MHz processor
[    0.009488] Calibrating delay loop (skipped) preset value.. 3799.99 BogoMIPS (lpj=7599996)
[    0.012004] pid_max: default: 32768 minimum: 301
[    0.013517] Security Framework initialized
[    0.014844] Yama: becoming mindful.
[    0.016028] AppArmor: AppArmor initialized
[    0.017530] Dentry cache hash table entries: 131072 (order: 8, 1048576 bytes)
[    0.020082] Inode-cache hash table entries: 65536 (order: 7, 524288 bytes)
[    0.022251] Mount-cache hash table entries: 2048 (order: 2, 16384 bytes)
[    0.024010] Mountpoint-cache hash table entries: 2048 (order: 2, 16384 bytes)
[    0.026503] mce: CPU supports 0 MCE banks
[    0.028022] Last level iTLB entries: 4KB 1024, 2MB 1024, 4MB 1024
[    0.030221] Last level dTLB entries: 4KB 1024, 2MB 1024, 4MB 1024, 1GB 4
[    0.032005] Spectre V2 : Mitigation: Full generic retpoline
[    0.036003] Spectre V2 : Spectre v2 / SpectreRSB mitigation: Filling RSB on context switch
[    0.038614] Speculative Store Bypass: Vulnerable
[    0.040073] MDS: Mitigation: Clear CPU buffers
[    0.041909] Freeing SMP alternatives memory: 36K
[    0.048000] smpboot: CPU0: Intel(R) Core(TM) i5-4250U CPU @ 1.30GHz (family: 0x6, model: 0x45, stepping: 0x1)
[    0.048000] Performance Events: unsupported p6 CPU model 69 no PMU driver, software events only.
[    0.048051] Hierarchical SRCU implementation.
[    0.052739] NMI watchdog: Perf event create on CPU 0 failed with -2
[    0.055033] NMI watchdog: Perf NMI watchdog permanently disabled
[    0.056063] smp: Bringing up secondary CPUs ...
[    0.057729] x86: Booting SMP configuration:
[    0.060004] .... node  #0, CPUs:      #1
[    0.004000] kvm-clock: cpu 1, msr 0:3ff44041, secondary cpu clock
[    0.004000] mce: CPU supports 0 MCE banks
[    0.068080] smp: Brought up 1 node, 2 CPUs
[    0.070190] smpboot: Max logical packages: 1
[    0.072008] smpboot: Total of 2 processors activated (7599.99 BogoMIPS)
[    0.074715] devtmpfs: initialized
[    0.076130] x86/mm: Memory block size: 128MB
[    0.078505] evm: security.selinux
[    0.080004] evm: security.SMACK64
[    0.084007] evm: security.SMACK64EXEC
[    0.085916] evm: security.SMACK64TRANSMUTE
[    0.087540] evm: security.SMACK64MMAP
[    0.088005] evm: security.apparmor
[    0.089636] evm: security.ima
[    0.092004] evm: security.capability
[    0.093665] clocksource: jiffies: mask: 0xffffffff max_cycles: 0xffffffff, max_idle_ns: 7645041785100000 ns
[    0.096024] futex hash table entries: 512 (order: 3, 32768 bytes)
[    0.100085] pinctrl core: initialized pinctrl subsystem
[    0.104222] RTC time:  2:55:10, date: 07/16/19
[    0.106123] NET: Registered protocol family 16
[    0.107909] audit: initializing netlink subsys (disabled)
[    0.108055] audit: type=2000 audit(1563245716.359:1): state=initialized audit_enabled=0 res=1
[    0.112017] cpuidle: using governor ladder
[    0.116009] cpuidle: using governor menu
[    0.117720] ACPI: bus type PCI registered
[    0.119157] acpiphp: ACPI Hot Plug PCI Controller Driver version: 0.5
[    0.120154] PCI: Using configuration type 1 for base access
[    0.125160] HugeTLB registered 2.00 MiB page size, pre-allocated 0 pages
[    0.128204] ACPI: Added _OSI(Module Device)
[    0.129751] ACPI: Added _OSI(Processor Device)
[    0.131178] ACPI: Added _OSI(3.0 _SCP Extensions)
[    0.132008] ACPI: Added _OSI(Processor Aggregator Device)
[    0.133871] ACPI: Added _OSI(Linux-Dell-Video)
[    0.136005] ACPI: Added _OSI(Linux-Lenovo-NV-HDMI-Audio)
[    0.138059] ACPI: Added _OSI(Linux-HPI-Hybrid-Graphics)
[    0.140611] ACPI: Executed 1 blocks of module-level executable AML code
[    0.151240] ACPI: Interpreter enabled
[    0.152028] ACPI: (supports S0 S5)
[    0.156013] ACPI: Using IOAPIC for interrupt routing
[    0.160346] PCI: Using host bridge windows from ACPI; if necessary, use "pci=nocrs" and report a bug
[    0.164406] ACPI: Enabled 2 GPEs in block 00 to 07
[    0.177900] ACPI: PCI Root Bridge [PCI0] (domain 0000 [bus 00-ff])
[    0.180010] acpi PNP0A03:00: _OSC: OS supports [ASPM ClockPM Segments MSI]
[    0.182928] acpi PNP0A03:00: _OSC: not requesting OS control; OS requires [ExtendedConfig ASPM ClockPM MSI]
[    0.184018] acpi PNP0A03:00: fail to add MMCONFIG information, can't access extended PCI configuration space under this bridge.
[    0.188661] PCI host bridge to bus 0000:00
[    0.192007] pci_bus 0000:00: root bus resource [io  0x0000-0x0cf7 window]
[    0.196006] pci_bus 0000:00: root bus resource [io  0x0d00-0xffff window]
[    0.198539] pci_bus 0000:00: root bus resource [mem 0x000a0000-0x000bffff window]
[    0.200006] pci_bus 0000:00: root bus resource [mem 0x40000000-0xfdffffff window]
[    0.202424] pci_bus 0000:00: root bus resource [bus 00-ff]
[    0.210197] pci 0000:00:01.1: legacy IDE quirk: reg 0x10: [io  0x01f0-0x01f7]
[    0.212004] pci 0000:00:01.1: legacy IDE quirk: reg 0x14: [io  0x03f6]
[    0.214481] pci 0000:00:01.1: legacy IDE quirk: reg 0x18: [io  0x0170-0x0177]
[    0.216006] pci 0000:00:01.1: legacy IDE quirk: reg 0x1c: [io  0x0376]
[    0.250064] pci 0000:00:07.0: quirk: [io  0x4000-0x403f] claimed by PIIX4 ACPI
[    0.252089] pci 0000:00:07.0: quirk: [io  0x4100-0x410f] claimed by PIIX4 SMB
[    0.268982] ACPI: PCI Interrupt Link [LNKA] (IRQs 5 9 10 *11)
[    0.271522] ACPI: PCI Interrupt Link [LNKB] (IRQs 5 9 *10 11)
[    0.272272] ACPI: PCI Interrupt Link [LNKC] (IRQs 5 *9 10 11)
[    0.276397] ACPI: PCI Interrupt Link [LNKD] (IRQs 5 9 10 *11)
[    0.280623] SCSI subsystem initialized
[    0.282727] pci 0000:00:02.0: vgaarb: setting as boot VGA device
[    0.282727] pci 0000:00:02.0: vgaarb: VGA device added: decodes=io+mem,owns=io+mem,locks=none
[    0.284014] pci 0000:00:02.0: vgaarb: bridge control possible
[    0.285835] vgaarb: loaded
[    0.286797] ACPI: bus type USB registered
[    0.288032] usbcore: registered new interface driver usbfs
[    0.290009] usbcore: registered new interface driver hub
[    0.292028] usbcore: registered new device driver usb
[    0.293731] EDAC MC: Ver: 3.0.0
[    0.296477] PCI: Using ACPI for IRQ routing
[    0.298019] NetLabel: Initializing
[    0.300004] NetLabel:  domain hash size = 128
[    0.302015] NetLabel:  protocols = UNLABELED CIPSOv4 CALIPSO
[    0.304024] NetLabel:  unlabeled traffic allowed by default
[    0.308161] clocksource: Switched to clocksource kvm-clock
[    0.327497] VFS: Disk quotas dquot_6.6.0
[    0.330572] VFS: Dquot-cache hash table entries: 512 (order 0, 4096 bytes)
[    0.334184] AppArmor: AppArmor Filesystem Enabled
[    0.335929] pnp: PnP ACPI init
[    0.338907] pnp: PnP ACPI: found 3 devices
[    0.356908] clocksource: acpi_pm: mask: 0xffffff max_cycles: 0xffffff, max_idle_ns: 2085701024 ns
[    0.360390] NET: Registered protocol family 2
[    0.365019] TCP established hash table entries: 8192 (order: 4, 65536 bytes)
[    0.367706] TCP bind hash table entries: 8192 (order: 5, 131072 bytes)
[    0.370472] TCP: Hash tables configured (established 8192 bind 8192)
[    0.372862] UDP hash table entries: 512 (order: 2, 16384 bytes)
[    0.375673] UDP-Lite hash table entries: 512 (order: 2, 16384 bytes)
[    0.378925] NET: Registered protocol family 1
[    0.381134] pci 0000:00:00.0: Limiting direct PCI/PCI transfers
[    0.383189] pci 0000:00:01.0: Activating ISA DMA hang workarounds
[    0.385467] pci 0000:00:02.0: Video device with shadowed ROM at [mem 0x000c0000-0x000dffff]
[    0.388401] Unpacking initramfs...
[    0.850185] Freeing initrd memory: 19128K
[    0.852171] clocksource: tsc: mask: 0xffffffffffffffff max_cycles: 0x36c6563e7a6, max_idle_ns: 881590602333 ns
[    0.857179] platform rtc_cmos: registered platform RTC device (no PNP device found)
[    0.859938] Scanning for low memory corruption every 60 seconds
[    0.863542] Initialise system trusted keyrings
[    0.865355] Key type blacklist registered
[    0.867035] workingset: timestamp_bits=36 max_order=18 bucket_order=0
[    0.871012] zbud: loaded
[    0.872966] squashfs: version 4.0 (2009/01/31) Phillip Lougher
[    0.876232] fuse init (API version 7.26)
[    0.888258] Key type asymmetric registered
[    0.890472] Asymmetric key parser 'x509' registered
[    0.892830] Block layer SCSI generic (bsg) driver version 0.4 loaded (major 246)
[    0.895748] io scheduler noop registered
[    0.897193] io scheduler deadline registered
[    0.898778] io scheduler cfq registered (default)
[    0.901253] ACPI: AC Adapter [AC] (on-line)
[    0.902996] input: Power Button as /devices/LNXSYSTM:00/LNXPWRBN:00/input/input0
[    0.905831] ACPI: Power Button [PWRF]
[    0.907302] input: Sleep Button as /devices/LNXSYSTM:00/LNXSLPBN:00/input/input1
[    0.910238] ACPI: Sleep Button [SLPF]
[    0.914045] ACPI: Battery Slot [BAT0] (battery present)
[    0.916295] Serial: 825/16550 driver, 32 ports, IRQ sharing enabled
[    0.937823] 00:02: ttyS0 at I/O 0x3f8 (irq = 4, base_baud = 115200) is a 16550A
[    0.944613] Linux agpgart interface v0.103
[    0.954330] loop: module loaded
[    0.956360] scsi host0: ata_piix
[    0.958366] scsi host1: ata_piix
[    0.959998] ata1: PATA max UDMA/33 cmd 0x1f0 ctl 0x3f6 bmdma 0xd000 irq 14
[    0.962276] ata2: PATA max UDMA/33 cmd 0x170 ctl 0x376 bmdma 0xd008 irq 15
[    0.964623] libphy: Fixed MDIO Bus: probed
[    0.966316] tun: Universal TUN/TAP device driver, 1.6
[    0.967979] PPP generic driver version 2.4.2
[    0.969509] ehci_hcd: USB 2.0 'Enhanced' Host Controller (EHCI) Driver
[    0.971607] ehci-pci: EHCI PCI platform driver
[    0.973177] ehci-platform: EHCI generic platform driver
[    0.975267] ohci_hcd: USB 1.1 'Open' Host Controller (OHCI) Driver
[    0.977634] ohci-pci: OHCI PCI platform driver
[    0.979965] ohci-platform: OHCI generic platform driver
[    0.982484] uhci_hcd: USB Universal Host Controller Interface driver
[    0.984974] i8042: PNP: PS/2 Controller [PNP0303:PS2K,PNP0f03:PS2M] at 0x60,0x64 irq 1,12
[    0.988431] serio: i8042 KBD port at 0x60,0x64 irq 1
[    0.991338] serio: i8042 AUX port at 0x60,0x64 irq 12
[    0.995066] mousedev: PS/2 mouse device common for all mice
[    0.997449] input: AT Translated Set 2 keyboard as /devices/platform/i8042/serio0/input/input2
[    1.001175] rtc_cmos rtc_cmos: rtc core: registered rtc_cmos as rtc0
[    1.003596] rtc_cmos rtc_cmos: alarms up to one day, 114 bytes nvram
[    1.005717] i2c /dev entries driver
[    1.006952] device-mapper: uevent: version 1.0.3
[    1.008844] device-mapper: ioctl: 4.37.0-ioctl (2017-09-20) initialised: dm-devel@redhat.com
[    1.012105] ledtrig-cpu: registered to indicate activity on CPUs
[    1.015187] NET: Registered protocol family 10
[    1.022007] Segment Routing with IPv6
[    1.023454] NET: Registered protocol family 17
[    1.025292] Key type dns_resolver registered
[    1.027215] RAS: Correctable Errors collector initialized.
[    1.029229] sched_clock: Marking stable (1029199730, 0)->(1433362466, -404162736)
[    1.032775] registered taskstats version 1
[    1.034131] Loading compiled-in X.509 certificates
[    1.038720] Loaded X.509 cert 'Build time autogenerated kernel key: 1cc14bc8298a06d551159822c55fa35abd77a621'
[    1.042510] zswap: loaded using pool lzo/zbud
[    1.049669] Key type big_key registered
[    1.051150] Key type trusted registered
[    1.055051] Key type encrypted registered
[    1.056448] AppArmor: AppArmor sha1 policy hashing enabled
[    1.059311] ima: No TPM chip found, activating TPM-bypass! (rc=-19)
[    1.061767] ima: Allocated hash algorithm: sha1
[    1.063507] evm: HMAC attrs: 0x1
[    1.065052]   Magic number: 11:308:915
[    1.066428] rtc_cmos rtc_cmos: setting system clock to 2019-07-16 02:55:11 UTC (1563245711)
[    1.069388] BIOS EDD facility v0.16 2004-Jun-25, 0 devices found
[    1.071505] EDD information not available.
[    1.134278] Freeing unused kernel image memory: 2408K
[    1.148637] Write protecting the kernel read-only data: 20480k
[    1.153187] Freeing unused kernel image memory: 2008K
[    1.156354] Freeing unused kernel image memory: 1872K
[    1.166362] x86/mm: Checked W+X mappings: passed, no W+X pages found.
[    1.169115] x86/mm: Checking user space page tables
[    1.177805] x86/mm: Checked W+X mappings: passed, no W+X pages found.
Loading, please wait...
starting version 237
[    1.272787] Fusion MPT base driver 3.04.20
[    1.274768] Copyright (c) 1999-2008 LSI Corporation
[    1.289822] e1000: Intel(R) PRO/1000 Network Driver - version 7.3.21-k8-NAPI
[    1.292947] e1000: Copyright (c) 1999-2006 Intel Corporation.
[    1.307346] AVX2 version of gcm_enc/dec engaged.
[    1.309403] AES CTR mode by8 optimization enabled
[    1.333520] Fusion MPT SPI Host driver 3.04.20
[    1.513468] input: ImExPS/2 Generic Explorer Mouse as /devices/platform/i8042/serio1/input/input4
[    1.794219] e1000 0000:00:03.0 eth0: (PCI:33MHz:32-bit) 02:26:45:5c:bc:af
[    1.797817] e1000 0000:00:03.0 eth0: Intel(R) PRO/1000 Network Connection
[    1.805747] e1000 0000:00:03.0 enp0s3: renamed from eth0
[    1.806497] mptbase: ioc0: Initiating bringup
[    1.908610] ioc0: LSI53C1030 A0: Capabilities={Initiator}
[    2.161197] scsi host2: ioc0: LSI53C1030 A0, FwRev=00000000h, Ports=1, MaxQ=256, IRQ=20
[    2.334109] scsi 2:0:0:0: Direct-Access     VBOX     HARDDISK         1.0  PQ: 0 ANSI: 5
[    2.368541] scsi target2:0:0: Beginning Domain Validation
[    2.375858] scsi target2:0:0: Domain Validation skipping write tests
[    2.378111] scsi target2:0:0: Ending Domain Validation
[    2.380254] scsi target2:0:0: asynchronous
[    2.382094] scsi 2:0:1:0: Direct-Access     VBOX     HARDDISK         1.0  PQ: 0 ANSI: 5
[    2.969865] scsi target2:0:1: Beginning Domain Validation
[    2.975356] random: fast init done
[    2.979074] scsi target2:0:1: Domain Validation skipping write tests
[    2.983309] scsi target2:0:1: Ending Domain Validation
[    2.986874] scsi target2:0:1: asynchronous
[    3.001937] random: systemd-udevd: uninitialized urandom read (16 bytes read)
[    3.007373] random: systemd-udevd: uninitialized urandom read (16 bytes read)
[    3.013395] random: systemd-udevd: uninitialized urandom read (16 bytes read)
[    3.018732] sd 2:0:0:0: Attached scsi generic sg0 type 0
[    3.023862] sd 2:0:0:0: [sda] 20971520 512-byte logical blocks: (10.7 GB/10.0 GiB)
[    3.024383] sd 2:0:1:0: [sdb] 20480 512-byte logical blocks: (10.5 MB/10.0 MiB)
[    3.024523] sd 2:0:1:0: [sdb] Write Protect is off
[    3.024895] sd 2:0:1:0: [sdb] Incomplete mode parameter data
[    3.024897] sd 2:0:1:0: [sdb] Assuming drive cache: write through
[    3.029997] sd 2:0:1:0: Attached scsi generic sg1 type 0
[    3.036235] sd 2:0:1:0: [sdb] Attached SCSI disk
[    3.062018] sd 2:0:0:0: [sda] Write Protect is off
[    3.066210] sd 2:0:0:0: [sda] Incomplete mode parameter data
[    3.070793] sd 2:0:0:0: [sda] Assuming drive cache: write through
[    3.077103]  sda: sda1
[    3.080537] sd 2:0:0:0: [sda] Attached SCSI disk
Begin: Loading essential drivers ... [    4.716288] raid6: sse2x1   gen()  7819 MB/s
[    4.764310] raid6: sse2x1   xor()  5523 MB/s
[    4.813040] raid6: sse2x2   gen()  8781 MB/s
[    4.860380] raid6: sse2x2   xor()  6335 MB/s
[    4.908254] raid6: sse2x4   gen() 11591 MB/s
[    4.956269] raid6: sse2x4   xor()  6774 MB/s
[    5.004308] raid6: avx2x1   gen() 12554 MB/s
[    5.052312] raid6: avx2x1   xor() 10761 MB/s
[    5.100243] raid6: avx2x2   gen() 18454 MB/s
[    5.148261] raid6: avx2x2   xor() 11398 MB/s
[    5.196286] raid6: avx2x4   gen() 20598 MB/s
[    5.244264] raid6: avx2x4   xor() 13415 MB/s
[    5.246055] raid6: using algorithm avx2x4 gen() 20598 MB/s
[    5.247958] raid6: .... xor() 13415 MB/s, rmw enabled
[    5.249937] raid6: using avx2x2 recovery algorithm
[    5.253725] xor: automatically using best checksumming function   avx       
[    5.259072] async_tx: api initialized (async)
done.
Begin: Running /scripts/init-premount ... done.
Begin: Mounting root file system ... Begin: Running /scripts/local-top ... done.
Begin: Running /scripts/local-premount ... [    5.360178] Btrfs loaded, crc32c=crc32c-intel
Scanning for Btrfs filesystems
done.
Warning: fsck not present, so skipping root file system
[    5.431597] EXT4-fs (sda1): mounted filesystem with ordered data mode. Opts: (null)
done.
Begin: Running /scripts/local-bottom ... done.
Begin: Running /scripts/init-bottom ... done.
[    5.748351] ip_tables: (C) 2000-2006 Netfilter Core Team
[    5.765627] systemd[1]: systemd 237 running in system mode. (+PAM +AUDIT +SELINUX +IMA +APPARMOR +SMACK +SYSVINIT +UTMP +LIBCRYPTSETUP +GCRYPT +GNUTLS +ACL +XZ +LZ4 +SECCOMP +BLKID +ELFUTILS +KMOD -IDN2 +IDN -PCRE2 default-hierarchy=hybrid)
[    5.774105] systemd[1]: Detected virtualization oracle.
[    5.776146] systemd[1]: Detected architecture x86-64.

Welcome to [1mUbuntu 18.04.2 LTS[0m!

[    5.791164] systemd[1]: Set hostname to <ubuntu>.
[    5.798789] systemd[1]: Initializing machine ID from random generator.
[    5.801626] systemd[1]: Installed transient /etc/machine-id file.
[    6.345529] systemd[1]: Reached target System Time Synchronized.
[[0;32m  OK  [0m] Reached target System Time Synchronized.
[    6.349801] systemd[1]: Reached target Swap.
[[0;32m  OK  [0m] Reached target Swap.
[    6.352637] systemd[1]: Set up automount Arbitrary Executable File Formats File System Automount Point.
[[0;32m  OK  [0m] Set up automount Arbitrary Executab…rmats File System Automount Point.
[    6.358557] systemd[1]: Started Forward Password Requests to Wall Directory Watch.
[[0;32m  OK  [0m] Started Forward Password Requests to Wall Directory Watch.
[[0;32m  OK  [0m] Reached target User and Group Name Lookups.
[[0;32m  OK  [0m] Created slice User and Session Slice.
[[0;32m  OK  [0m] Created slice System Slice.
[[0;32m  OK  [0m] Listening on LVM2 metadata daemon socket.
[[0;32m  OK  [0m] Listening on Journal Audit Socket.
[[0;32m  OK  [0m] Listening on Device-mapper event daemon FIFOs.
[[0;32m  OK  [0m] Listening on /dev/initctl Compatibility Named Pipe.
[[0;32m  OK  [0m] Created slice system-serial\x2dgetty.slice.
[[0;32m  OK  [0m] Listening on udev Kernel Socket.
[[0;32m  OK  [0m] Listening on Journal Socket (/dev/log).
[[0;32m  OK  [0m] Reached target Slices.
[[0;32m  OK  [0m] Listening on udev Control Socket.
[[0;32m  OK  [0m] Listening on Network Service Netlink Socket.
[[0;32m  OK  [0m] Listening on Syslog Socket.
[[0;32m  OK  [0m] Listening on LVM2 poll daemon socket.
[[0;32m  OK  [0m] Listening on Journal Socket.
         Mounting Kernel Debug File System...
         Starting Load Kernel Modules...
         Starting Set the console keyboard layout...
[    6.426337] Loading iSCSI transport class v2.0-870.
         Starting Uncomplicated firewall...
         Starting Remount Root and Kernel File Systems...
         Starting Monitoring of LVM2 mirrors…ng dmeventd or progress polling...
         Starting udev Coldplug all Devices...
[    6.446201] iscsi: registered transport (tcp)
         Starting Create list of required st…ce nodes for the current kernel...
         Starting Journal Service...
         Mounting POSIX Message Queue File System...
         Mounting Huge Pages File System...
[[0;32m  OK  [0m] Mounted Kernel Debug File System.
[    6.606493] EXT4-fs (sda1): re-mounted. Opts: (null)
[[0;32m  OK  [0m] Started Uncomplicated firewall.
[[0;32m  OK  [0m] Started Create list of required sta…vice nodes for the current kernel.
[[0;32m  OK  [0m] Mounted POSIX Message Queue File System.
[[0;32m  OK  [0m] Started Remount Root and Kernel File Systems.
[[0;32m  OK  [0m] Mounted Huge Pages File System.
         Starting Load/Save Random Seed...
[    6.652130] iscsi: registered transport (iser)
         Starting Create Static Device Nodes in /dev...
[[0;32m  OK  [0m] Started Journal Service.
[[0;32m  OK  [0m] Started Load Kernel Modules.
[[0;32m  OK  [0m] Started udev Coldplug all Devices.
[[0;32m  OK  [0m] Started Load/Save Random Seed.
[[0;32m  OK  [0m] Started LVM2 metadata daemon.
         Mounting Kernel Configuration File System...
         Mounting FUSE Control File System...
         Starting Apply Kernel Variables...
         Starting Flush Journal to Persistent Storage...
[[0;32m  OK  [0m] Mounted Kernel Configuration File System.
[[0;32m  OK  [0m] Mounted FUSE Control File System.
[[0;32m  OK  [0m] Started Create Static Device Nodes in /dev.
         Starting udev Kernel Device Manager...
[[0;32m  OK  [0m] Started Monitoring of LVM2 mirrors,…sing dmeventd or progress polling.
[[0;32m  OK  [0m] Started udev Kernel Device Manager.
[[0;32m  OK  [0m] Started Apply Kernel Variables.
[[0;32m  OK  [0m] Started Set the console keyboard layout.
[[0;32m  OK  [0m] Reached target Local File Systems (Pre).
[[0;32m  OK  [0m] Reached target Local File Systems.
         Starting Tell Plymouth To Write Out Runtime Data...
         Starting AppArmor initialization...
         Starting Set console font and keymap...
         Starting Commit a transient machine-id on disk...
         Starting ebtables ruleset management...
[[0;32m  OK  [0m] Started Dispatch Password Requests to Console Directory Watch.
[[0;32m  OK  [0m] Reached target Local Encrypted Volumes.
[[0;32m  OK  [0m] Started Flush Journal to Persistent Storage.
         Starting Create Volatile Files and Directories...
[[0;32m  OK  [0m] Started Tell Plymouth To Write Out Runtime Data.
[[0;32m  OK  [0m] Started Set console font and keymap.
[[0;32m  OK  [0m] Started Create Volatile Files and Directories.
         Starting Update UTMP about System Boot/Shutdown...
[[0;32m  OK  [0m] Started Update UTMP about System Boot/Shutdown.
[[0;32m  OK  [0m] Started Commit a transient machine-id on disk.
[[0;32m  OK  [0m] Started ebtables ruleset management.
[[0;32m  OK  [0m] Found device /dev/ttyS0.
[[0;32m  OK  [0m] Listening on Load/Save RF Kill Switch Status /dev/rfkill Watch.
[[0;32m  OK  [0m] Started AppArmor initialization.
         Starting Initial cloud-init job (pre-networking)...
[   10.854814] cloud-init[540]: Cloud-init v. 19.1-1-gbaa47854-0ubuntu1~18.04.1 running 'init-local' at Tue, 16 Jul 2019 02:55:20 +0000. Up 10.27 seconds.
[[0;32m  OK  [0m] Started Initial cloud-init job (pre-networking).
[[0;32m  OK  [0m] Reached target Network (Pre).
         Starting Network Service...
[[0;32m  OK  [0m] Started Network Service.
         Starting Network Name Resolution...
         Starting Wait for Network to be Configured...
[[0;32m  OK  [0m] Started Network Name Resolution.
[[0;32m  OK  [0m] Reached target Network.
[[0;32m  OK  [0m] Reached target Host and Network Name Lookups.
[[0;32m  OK  [0m] Started Wait for Network to be Configured.
         Starting Initial cloud-init job (metadata service crawler)...
[   13.867042] cloud-init[654]: Cloud-init v. 19.1-1-gbaa47854-0ubuntu1~18.04.1 running 'init' at Tue, 16 Jul 2019 02:55:24 +0000. Up 13.61 seconds.
[   13.870608] cloud-init[654]: ci-info: ++++++++++++++++++++++++++++++++++++++Net device info++++++++++++++++++++++++++++++++++++++
[   13.873641] cloud-init[654]: ci-info: +--------+------+----------------------------+---------------+--------+-------------------+
[   13.877642] cloud-init[654]: ci-info: | Device |  Up  |          Address           |      Mask     | Scope  |     Hw-Address    |
[   13.882022] cloud-init[654]: ci-info: +--------+------+----------------------------+---------------+--------+-------------------+
[   13.886175] cloud-init[654]: ci-info: | enp0s3 | True |         10.0.2.15          | 255.255.255.0 | global | 02:26:45:5c:bc:af |
[   13.890310] cloud-init[654]: ci-info: | enp0s3 | True | fe80::26:45ff:fe5c:bcaf/64 |       .       |  link  | 02:26:45:5c:bc:af |
[   13.894538] cloud-init[654]: ci-info: |   lo   | True |         127.0.0.1          |   255.0.0.0   |  host  |         .         |
[   13.897621] cloud-init[654]: ci-info: |   lo   | True |          ::1/128           |       .       |  host  |         .         |
[   13.900656] cloud-init[654]: ci-info: +--------+------+----------------------------+---------------+--------+-------------------+
[   13.903727] cloud-init[654]: ci-info: ++++++++++++++++++++++++++++Route IPv4 info+++++++++++++++++++++++++++++
[   13.906504] cloud-init[654]: ci-info: +-------+-------------+----------+-----------------+-----------+-------+
[   13.909802] cloud-init[654]: ci-info: | Route | Destination | Gateway  |     Genmask     | Interface | Flags |
[   13.912457] cloud-init[654]: ci-info: +-------+-------------+----------+-----------------+-----------+-------+
[   13.915052] cloud-init[654]: ci-info: |   0   |   0.0.0.0   | 10.0.2.2 |     0.0.0.0     |   enp0s3  |   UG  |
[   13.917651] cloud-init[654]: ci-info: |   1   |   10.0.2.0  | 0.0.0.0  |  255.255.255.0  |   enp0s3  |   U   |
[   13.920339] cloud-init[654]: ci-info: |   2   |   10.0.2.2  | 0.0.0.0  | 255.255.255.255 |   enp0s3  |   UH  |
[   13.923286] cloud-init[654]: ci-info: +-------+-------------+----------+-----------------+-----------+-------+
[   13.926812] cloud-init[654]: ci-info: +++++++++++++++++++Route IPv6 info+++++++++++++++++++
[   13.930200] cloud-init[654]: ci-info: +-------+-------------+---------+-----------+-------+
[   13.933231] cloud-init[654]: ci-info: | Route | Destination | Gateway | Interface | Flags |
[   13.936435] cloud-init[654]: ci-info: +-------+-------------+---------+-----------+-------+
[   13.948330] cloud-init[654]: ci-info: |   1   |  fe80::/64  |    ::   |   enp0s3  |   U   |
[   13.960619] cloud-init[654]: ci-info: |   3   |    local    |    ::   |   enp0s3  |   U   |
[   13.962871] cloud-init[654]: ci-info: |   4   |   ff00::/8  |    ::   |   enp0s3  |   U   |
[   13.965142] cloud-init[654]: ci-info: +-------+-------------+---------+-----------+-------+
[   15.053768] cloud-init[654]: Generating public/private rsa key pair.
[   15.057033] cloud-init[654]: Your identification has been saved in /etc/ssh/ssh_host_rsa_key.
[   15.059847] cloud-init[654]: Your public key has been saved in /etc/ssh/ssh_host_rsa_key.pub.
[   15.062453] cloud-init[654]: The key fingerprint is:
[   15.064041] cloud-init[654]: SHA256:g9h1cKMWDKV68sB+owDrKXKS9U7TxEUC0CEydJ+bjOI root@ubuntu-bionic
[   15.067301] cloud-init[654]: The key's randomart image is:
[   15.069232] cloud-init[654]: +---[RSA 2048]----+
[   15.071090] cloud-init[654]: |+.o+ooo+= o      |
[   15.072703] cloud-init[654]: | o..o .+.= .     |
[   15.074205] cloud-init[654]: |     o. = .      |
[   15.075814] cloud-init[654]: |   .o=o= .       |
[   15.077371] cloud-init[654]: |.. .*+* S        |
[   15.078997] cloud-init[654]: |.oo. B   .       |
[   15.080515] cloud-init[654]: |.E..+ =          |
[   15.081992] cloud-init[654]: |* oo.+ .         |
[   15.083459] cloud-init[654]: |o= .o            |
[   15.084997] cloud-init[654]: +----[SHA256]-----+
[   15.086474] cloud-init[654]: Generating public/private dsa key pair.
[   15.088534] cloud-init[654]: Your identification has been saved in /etc/ssh/ssh_host_dsa_key.
[   15.091133] cloud-init[654]: Your public key has been saved in /etc/ssh/ssh_host_dsa_key.pub.
[   15.093605] cloud-init[654]: The key fingerprint is:
[   15.095492] cloud-init[654]: SHA256:WQ0Yd8m9wMAU7r4Vn/F6IUUk6brUP7J5u+oLlxdkInY root@ubuntu-bionic
[   15.099760] cloud-init[654]: The key's randomart image is:
[   15.102521] cloud-init[654]: +---[DSA 1024]----+
[   15.105232] cloud-init[654]: |        .=*=.+o. |
[   15.107666] cloud-init[654]: |        .o.+=.o. |
[   15.109406] cloud-init[654]: |          oooE.+ |
[   15.120813] cloud-init[654]: |         +. o.=. |
[   15.123177] cloud-init[654]: |        S . + o. |
[   15.125649] cloud-init[654]: |         . o =.=.|
[   15.127903] cloud-init[654]: |          o.oo=.o|
[   15.129786] cloud-init[654]: |           +o.o=.|
[   15.131698] cloud-init[654]: |          . .*B++|
[   15.133632] cloud-init[654]: +----[SHA256]-----+
[   15.135157] cloud-init[654]: Generating public/private ecdsa key pair.
[   15.137179] cloud-init[654]: Your identification has been saved in /etc/ssh/ssh_host_ecdsa_key.
[   15.139806] cloud-init[654]: Your public key has been saved in /etc/ssh/ssh_host_ecdsa_key.pub.
[   15.143282] cloud-init[654]: The key fingerprint is:
[   15.145706] cloud-init[654]: SHA256:iSSXs4kyn7zrvbqUlzVgZBtvHzOT8XFXInBOFaRFrgo root@ubuntu-bionic[[0;32m  OK  [0m] Started Initial cloud-init job (metadata service crawler).
[[0;32m  OK  [0m] Reached target Network is Online.

[   15.152713] cloud-init[654]:          Starting Availability of block devices...
[[0;32m  OK  [0m] Reached target Remote File Systems (Pre).
[[0;32m  OK  [0m] Reached target Remote File Systems.
[[0;32m  OK  [0m] Reached target System Initialization.
[The key's randomart image is:
[   15.162897] cloud-init[654]: +---[ECDSA 256]---+[0;32m  OK  [0m] Started Discard unused blocks once a week.
         Starting Socket activation for snappy daemon.
[[0;32m  OK  [0m] Started Daily apt download activities.
[[0;32m  OK  [0m] Started Daily apt upgrade and clean activities.
[[0;32m  OK  [0m] Listening on D-Bus System Message Bus Socket.

[   15.177673] cloud-init[654]: |      +   o.=+O.+|         Starting LXD - unix socket.
[[0;32m  OK  [0m] Started Daily Cleanup of Temporary Directories.
[[0;32m  OK  [0m] Listening on Open-iSCSI iscsid Socket.
[[0;32m  OK  [0m] Started Message of the Day.
[[0;32m  OK  [0m] Reached target Timers.

[   15.189856] cloud-init[654]: |     o =   B B o |
[   15.192475] cloud-init[654]: |    . O o * + .  |
[[0;32m  OK  [0m] Started ACPI Events Check.
[[0;32m  OK  [0m] Listening on UUID daemon activation socket.
[[0;32m  OK  [0m] Listening on ACPID Listen Socket.
[[0;32m  OK  [0m] Reached target Paths.
[[0;32m  OK  [0m] Reached target Cloud-config availability.
[   15.206195] cloud-init[[0;32m  OK  [0m] Started Availability of block devices.
[[0;32m  OK  [0m] Listening on Socket activation for snappy daemon.
[[0;32m  OK  [0m] Listening on LXD - unix socket.
[[0;32m  OK  [0m] Reached target Sockets.
[[0;32m  OK  [0m] Reached target Basic System.
[654]:          Starting Pollinate to seed the pseudo random number generator...
[[0;32m  OK  [0m] Started D-Bus System Message Bus.
|     * B o = .   |
[   15.228054] cloud-init[654]: |  o . + E . .    |
[   15.231464] cloud-init[654]: |   = o o o .     |
[   15.235991] cloud-init[654]: |    * o   .      |
[   15.238443] cloud-init[654]: |   . +           |
[   15.240652] cloud-init[654]: |   .*+o.         |
[   15.243039] cloud-init[654]: +----[SHA256]-----+
[   15.245493] cloud-init[654]: Generating public/private ed25519 key pair.
[   15.248582] cloud-init[654]: Your identification has been saved in /etc/ssh/ssh_host_ed25519_key.
[   15.252984] cloud-init[654]: Your public key has been saved in /etc/ssh/ssh_host_ed25519_key.pub.
[   15.258208] cloud-init[654]: The key fingerprint is:
[   15.261045] cloud-init[654]: SHA256:3DI+VCxG45F1S3rCW8Hqw9JcKi+uSAFFr9l3vlYbfWE root@ubuntu-bionic
[   15.265058] cloud-init[654]: The key's randomart image is:
[   15.271493] cloud-init[654]: +--[ED25519 256]--+
[   15.284335] cloud-init[654]: |   .o   +o..+    |
[[0;32m  OK  [0m] Started Regular background program processing daemon.
         Starting Virtualbox guest utils...
[   15.293318] cloud-init[654]: |   . . o.= +.o   |
[   15.302333] cloud-init[654]: |  .   . + *.+    |
[   15.307961] cloud-init[654]: |   . + o +.=.  E |
         Starting System Logging Service...
         Starting LSB: Record successful boot for GRUB...
         Starting Accounts Service...
[   15.314490] cloud-init[654]: |    + . S=+o .. .|
[   15.327676] cloud-init[654]: |     . +o=B o . .|
[[0;32m  OK  [0m] Started Deferred execution scheduler.
         Starting Permit User Sessions...
         Starting LXD - container startup/shutdown...
         Starting Login Service...
[[0;32m  OK  [0m] Started FUSE filesystem for LXC.
[   15.330231] cloud-init[654]: |    .   o+.o o . |
[   15.367123] cloud-init[654]: |   . .  ..o..    |
[   15.369089] cloud-init[654]: |    . .o.o.      |
[   15.370653] cloud-init[654]: +----[SHA256]-----+
[[0;32m  OK  [0m] Started irqbalance daemon.
         Starting Dispatcher daemon for systemd-networkd...
         Starting LSB: automatic crash report generation...
         Starting Snappy daemon...
[[0;32m  OK  [0m] Started System Logging Service.
[[0;32m  OK  [0m] Started Permit User Sessions.
[[0;32m  OK  [0m] Started Login Service.
[[0;32m  OK  [0m] Started Unattended Upgrades Shutdown.
         Starting Authorization Manager...
         Starting Hold until boot process finishes up...
         Starting Terminate Plymouth Boot Screen...
[[0;32m  OK  [0m] Started Hold until boot process finishes up.
[[0;32m  OK  [0m] Started Serial Getty on ttyS0.
         Starting Set console scheme...
[[0;32m  OK  [0m] Started Terminate Plymouth Boot Screen.
[[0;32m  OK  [0m] Started Authorization Manager.
[[0;32m  OK  [0m] Started Accounts Service.
[[0;32m  OK  [0m] Started Set console scheme.
[[0;32m  OK  [0m] Created slice system-getty.slice.
[[0;32m  OK  [0m] Started Getty on tty1.
[[0;32m  OK  [0m] Reached target Login Prompts.
[[0;32m  OK  [0m] Started LSB: automatic crash report generation.
[[0;32m  OK  [0m] Started LSB: Record successful boot for GRUB.
[[0;32m  OK  [0m] Started Virtualbox guest utils.
[[0;32m  OK  [0m] Started LXD - container startup/shutdown.
[[0;32m  OK  [0m] Started Dispatcher daemon for systemd-networkd.
[[0;32m  OK  [0m] Started Snappy daemon.
         Starting Wait until snapd is fully seeded...
[[0;32m  OK  [0m] Started Pollinate to seed the pseudo random number generator.
         Starting OpenBSD Secure Shell server...
[[0;32m  OK  [0m] Started OpenBSD Secure Shell server.
[[0;32m  OK  [0m] Created slice User Slice of vagrant.
         Starting User Manager for UID 1000...
[[0;32m  OK  [0m] Started Session 1 of user vagrant.
[[0;32m  OK  [0m] Started User Manager for UID 1000.
[[0;32m  OK  [0m] Started Wait until snapd is fully seeded.
         Starting Apply the settings specified in cloud-config...
[[0;32m  OK  [0m] Reached target Multi-User System.
[[0;32m  OK  [0m] Reached target Graphical Interface.
         Starting Update UTMP about System Runlevel Changes...
[[0;32m  OK  [0m] Started Update UTMP about System Runlevel Changes.

Ubuntu 18.04.2 LTS ubuntu-bionic ttyS0

ubuntu-bionic login: [   22.106170] cloud-init[1305]: Cloud-init v. 19.1-1-gbaa47854-0ubuntu1~18.04.1 running 'modules:config' at Tue, 16 Jul 2019 02:55:31 +0000. Up 21.26 seconds.
ci-info: no authorized ssh keys fingerprints found for user ubuntu.
<14>Jul 16 02:55:33 ec2: 
<14>Jul 16 02:55:33 ec2: #############################################################
<14>Jul 16 02:55:33 ec2: -----BEGIN SSH HOST KEY FINGERPRINTS-----
<14>Jul 16 02:55:33 ec2: 1024 SHA256:WQ0Yd8m9wMAU7r4Vn/F6IUUk6brUP7J5u+oLlxdkInY root@ubuntu-bionic (DSA)
<14>Jul 16 02:55:33 ec2: 256 SHA256:iSSXs4kyn7zrvbqUlzVgZBtvHzOT8XFXInBOFaRFrgo root@ubuntu-bionic (ECDSA)
<14>Jul 16 02:55:33 ec2: 256 SHA256:3DI+VCxG45F1S3rCW8Hqw9JcKi+uSAFFr9l3vlYbfWE root@ubuntu-bionic (ED25519)
<14>Jul 16 02:55:33 ec2: 2048 SHA256:g9h1cKMWDKV68sB+owDrKXKS9U7TxEUC0CEydJ+bjOI root@ubuntu-bionic (RSA)
<14>Jul 16 02:55:33 ec2: -----END SSH HOST KEY FINGERPRINTS-----
<14>Jul 16 02:55:33 ec2: #############################################################
-----BEGIN SSH HOST KEY KEYS-----
ecdsa-sha2-nistp256 AAAAE2VjZHNhLXNoYTItbmlzdHAyNTYAAAAIbmlzdHAyNTYAAABBBJhnFLPH0ezl094Cox0mFwumdV3A8v4uiGEu0ONvhQS9GtVG2J324/eAKZJl6Zp7QGIZONBvLXOBQWsp7pPOdNs= root@ubuntu-bionic
ssh-ed25519 AAAAC3NzaC1lZDI1NTE5AAAAIChzy7J5666D4ibo8cjiEGaleoH4Bugoysg639kVfMgm root@ubuntu-bionic
ssh-rsa AAAAB3NzaC1yc2EAAAADAQABAAABAQC1d8v48rKn4TbhyGiCz6J38wS+8SujHxPofQrh5s5uMBELwPeNnL8GuGJBW6gDWxzhGd9gZjjCeAex0HMxBfsHJxlJ3oAYxuiRUWYz8n61OFkD/3kpx5TQ36h3WH2amXTw8fZmk15so+EKLnGX+TNJIysqFWNRQu8zD15t8BsnWDAZg7wvI/QrhGAek6eN3Z7z6Ull6pIEG75aoKGpNlcypy7RvMJp17U1bFLrPVGtG3Zs1O6ZhI1Lm2nK4NIpPYmonMm8rEYrLjenofKUNKUN4GoPd+XMTV42GVOqe/XTJBFKqevt61RFdGJSy7+zon5oSB1LIFi7SjOZ1lkoIR87 root@ubuntu-bionic
-----END SSH HOST KEY KEYS-----
[   23.546191] cloud-init[1529]: Cloud-init v. 19.1-1-gbaa47854-0ubuntu1~18.04.1 running 'modules:final' at Tue, 16 Jul 2019 02:55:33 +0000. Up 23.12 seconds.
[   23.550633] cloud-init[1529]: ci-info: no authorized ssh keys fingerprints found for user ubuntu.
[   23.554788] cloud-init[1529]: Cloud-init v. 19.1-1-gbaa47854-0ubuntu1~18.04.1 finished at Tue, 16 Jul 2019 02:55:33 +0000. Datasource DataSourceNoCloud [seed=/dev/sdb][dsmode=net].  Up 23.50 seconds
